<?xml version="1.0" encoding="UTF-8"?>
<!-- Generated by org.testng.reporters.JUnitReportReporter -->
<testsuite skipped="0" hostname="DESKTOP-8DAP2QS" name="com.crm.vtiger.leads.Tc_7_Test" tests="1" failures="0" timestamp="29 Dec 2021 08:10:32 GMT" time="140.774" errors="0">
  <testcase name="clear" time="140.774" classname="com.crm.vtiger.leads.Tc_7_Test"/>
</testsuite> <!-- com.crm.vtiger.leads.Tc_7_Test -->
